<?xml version="1.0" encoding="UTF-8"?>
<!-- Generated by org.testng.reporters.JUnitReportReporter -->
<testsuite hostname="DESKTOP-GJ0L630" failures="0" tests="1" name="com.qa.test.EcommerceTestCase_1" time="12.337" errors="0" timestamp="18 Oct 2022 04:26:23 GMT" skipped="0">
  <testcase classname="com.qa.test.EcommerceTestCase_1" name="Testcase" time="12.337"/>
</testsuite> <!-- com.qa.test.EcommerceTestCase_1 -->
